  Graph_Manager.cpp
D:\Visual Studio\Dijkstra_Algorithm\src\Graph_Manager.cpp(20,92): warning C4566: character represented by universal-character-name '\u0141' cannot be represented in the current code page (1252)
D:\Visual Studio\Dijkstra_Algorithm\src\Graph_Manager.cpp(20,92): warning C4566: character represented by universal-character-name '\u017A' cannot be represented in the current code page (1252)
D:\Visual Studio\Dijkstra_Algorithm\src\Graph_Manager.cpp(24,33): warning C4566: character represented by universal-character-name '\u0142' cannot be represented in the current code page (1252)
D:\Visual Studio\Dijkstra_Algorithm\src\Graph_Manager.cpp(24,64): warning C4566: character represented by universal-character-name '\u0141' cannot be represented in the current code page (1252)
D:\Visual Studio\Dijkstra_Algorithm\src\Graph_Manager.cpp(24,64): warning C4566: character represented by universal-character-name '\u017A' cannot be represented in the current code page (1252)
D:\Visual Studio\Dijkstra_Algorithm\src\Graph_Manager.cpp(28,155): warning C4566: character represented by universal-character-name '\u0144' cannot be represented in the current code page (1252)
D:\Visual Studio\Dijkstra_Algorithm\src\Graph_Manager.cpp(29,18): warning C4566: character represented by universal-character-name '\u0141' cannot be represented in the current code page (1252)
D:\Visual Studio\Dijkstra_Algorithm\src\Graph_Manager.cpp(29,18): warning C4566: character represented by universal-character-name '\u017A' cannot be represented in the current code page (1252)
D:\Visual Studio\Dijkstra_Algorithm\src\Graph_Manager.cpp(32,33): warning C4566: character represented by universal-character-name '\u0141' cannot be represented in the current code page (1252)
D:\Visual Studio\Dijkstra_Algorithm\src\Graph_Manager.cpp(32,33): warning C4566: character represented by universal-character-name '\u017A' cannot be represented in the current code page (1252)
D:\Visual Studio\Dijkstra_Algorithm\src\Graph_Manager.cpp(32,121): warning C4566: character represented by universal-character-name '\u0142' cannot be represented in the current code page (1252)
D:\Visual Studio\Dijkstra_Algorithm\src\Graph_Manager.cpp(32,155): warning C4566: character represented by universal-character-name '\u0144' cannot be represented in the current code page (1252)
D:\Visual Studio\Dijkstra_Algorithm\src\Graph_Manager.cpp(38,18): warning C4566: character represented by universal-character-name '\u0142' cannot be represented in the current code page (1252)
D:\Visual Studio\Dijkstra_Algorithm\src\Graph_Manager.cpp(41,33): warning C4566: character represented by universal-character-name '\u0142' cannot be represented in the current code page (1252)
D:\Visual Studio\Dijkstra_Algorithm\src\Graph_Manager.cpp(41,67): warning C4566: character represented by universal-character-name '\u0144' cannot be represented in the current code page (1252)
D:\Visual Studio\Dijkstra_Algorithm\src\Graph_Manager.cpp(45,65): warning C4566: character represented by universal-character-name '\u0141' cannot be represented in the current code page (1252)
D:\Visual Studio\Dijkstra_Algorithm\src\Graph_Manager.cpp(45,65): warning C4566: character represented by universal-character-name '\u017A' cannot be represented in the current code page (1252)
D:\Visual Studio\Dijkstra_Algorithm\src\Graph_Manager.cpp(45,95): warning C4566: character represented by universal-character-name '\u0144' cannot be represented in the current code page (1252)
D:\Visual Studio\Dijkstra_Algorithm\src\Graph_Manager.cpp(45,125): warning C4566: character represented by universal-character-name '\u0144' cannot be represented in the current code page (1252)
D:\Visual Studio\Dijkstra_Algorithm\src\Graph_Manager.cpp(49,65): warning C4566: character represented by universal-character-name '\u0141' cannot be represented in the current code page (1252)
D:\Visual Studio\Dijkstra_Algorithm\src\Graph_Manager.cpp(49,65): warning C4566: character represented by universal-character-name '\u017A' cannot be represented in the current code page (1252)
D:\Visual Studio\Dijkstra_Algorithm\src\Graph_Manager.cpp(49,95): warning C4566: character represented by universal-character-name '\u0142' cannot be represented in the current code page (1252)
D:\Visual Studio\Dijkstra_Algorithm\src\Graph_Manager.cpp(50,18): warning C4566: character represented by universal-character-name '\u0144' cannot be represented in the current code page (1252)
D:\Visual Studio\Dijkstra_Algorithm\src\Graph_Manager.cpp(53,61): warning C4566: character represented by universal-character-name '\u0144' cannot be represented in the current code page (1252)
D:\Visual Studio\Dijkstra_Algorithm\src\Graph_Manager.cpp(54,18): warning C4566: character represented by universal-character-name '\u0142' cannot be represented in the current code page (1252)
D:\Visual Studio\Dijkstra_Algorithm\src\Graph_Manager.cpp(57,64): warning C4566: character represented by universal-character-name '\u0144' cannot be represented in the current code page (1252)
D:\Visual Studio\Dijkstra_Algorithm\src\Graph_Manager.cpp(65,64): warning C4566: character represented by universal-character-name '\u0144' cannot be represented in the current code page (1252)
D:\Visual Studio\Dijkstra_Algorithm\src\Graph_Manager.cpp(65,94): warning C4566: character represented by universal-character-name '\u0144' cannot be represented in the current code page (1252)
D:\Visual Studio\Dijkstra_Algorithm\src\Graph_Manager.cpp(70,18): warning C4566: character represented by universal-character-name '\u0144' cannot be represented in the current code page (1252)
  main.cpp
  Generating Code...
  Dijkstra_Algorithm.vcxproj -> D:\Visual Studio\Dijkstra_Algorithm\bin\Dijkstra_Algorithm_x64\Debug\Dijkstra_Algorithm.exe
